<?xml version="1.0" encoding="UTF-8"?>
<!-- Generated by org.testng.reporters.JUnitReportReporter -->
<testsuite hostname="MSI" failures="0" tests="1" name="Pagination" time="5.978" errors="0" timestamp="2025-03-26T21:53:21 IST" skipped="0">
  <testcase classname="Pagination" name="paginationConcept" time="5.978"/>
</testsuite> <!-- Pagination -->
