<?xml version="1.0" encoding="UTF-8"?>
<!-- Generated by org.testng.reporters.JUnitReportReporter -->
<testsuite hostname="MSI" failures="0" tests="1" name="Selenium.Demo.Pagination" time="5.863" errors="0" timestamp="2025-03-27T00:41:28 IST" skipped="0">
  <testcase classname="Selenium.Demo.Pagination" name="paginationConcept" time="5.863"/>
</testsuite> <!-- Selenium.Demo.Pagination -->
