<?xml version="1.0" encoding="UTF-8"?>
<!-- Generated by org.testng.reporters.JUnitReportReporter -->
<testsuite hostname="MSI" failures="0" tests="1" name="NewTest" time="5.905" errors="0" timestamp="2025-03-20T09:33:28 IST" skipped="0">
  <testcase classname="NewTest" name="f" time="5.905"/>
  <system-out/>
</testsuite> <!-- NewTest -->
